<?xml version="1.0" encoding="UTF-8"?>
<!-- Generated by org.testng.reporters.JUnitXMLReporter -->
<testsuite hostname="LAPTOP-J41V6O34" ignored="0" name="Add Customer Test" tests="1" failures="1" timestamp="09 四月 2019 21:20:37 GMT" time="214.777" errors="0">
  <testcase name="addCustomer" time="1.75" classname="com.w2a.testcases.AddCustomerTest">
    <failure type="java.lang.AssertionError" message="Customer not added successfull">
      <![CDATA[java.lang.AssertionError: Customer not added successfull
	at com.w2a.testcases.AddCustomerTest.addCustomer(AddCustomerTest.java:34)
... Removed 26 stack frames]]>
    </failure>
  </testcase> <!-- addCustomer -->
</testsuite> <!-- Add Customer Test -->
