<?xml version="1.0" encoding="UTF-8"?>
<!-- Generated by org.testng.reporters.JUnitXMLReporter -->
<testsuite hostname="LAPTOP-J41V6O34" ignored="0" name="Bank Manager Login Test" tests="1" failures="1" timestamp="09 四月 2019 21:17:02 GMT" time="181.146" errors="0">
  <testcase name="loginAsBankManager" time="0.459" classname="com.w2a.testcases.BankManagerLoginTest">
    <failure type="java.lang.AssertionError" message="Login not successfull">
      <![CDATA[java.lang.AssertionError: Login not successfull
	at com.w2a.testcases.BankManagerLoginTest.loginAsBankManager(BankManagerLoginTest.java:21)
... Removed 26 stack frames]]>
    </failure>
  </testcase> <!-- loginAsBankManager -->
</testsuite> <!-- Bank Manager Login Test -->
